<?xml version="1.0" encoding="UTF-8"?>
<!-- Generated by org.testng.reporters.JUnitReportReporter -->
<testsuite hostname="LAPTOP-7DJ18U3D" failures="0" tests="3" name="HCL_TECH.SeleniumFrameworkDesign.Standalone" time="22.002" errors="0" timestamp="12 Jun 2023 10:40:54 GMT" skipped="0">
  <testcase classname="HCL_TECH.SeleniumFrameworkDesign.Standalone" name="SubmitOrder" time="8.896"/>
  <testcase classname="HCL_TECH.SeleniumFrameworkDesign.Standalone" name="SubmitOrder" time="9.051"/>
  <testcase classname="HCL_TECH.SeleniumFrameworkDesign.Standalone" name="orderHistory" time="4.055"/>
</testsuite> <!-- HCL_TECH.SeleniumFrameworkDesign.Standalone -->
