<?xml version="1.0" encoding="UTF-8"?>
<!-- Generated by org.testng.reporters.JUnitReportReporter -->
<testsuite hostname="LAPTOP-7DJ18U3D" failures="0" tests="1" name="cucumber.TestNGTestRunner" time="14.791" errors="0" timestamp="13 Jun 2023 11:08:39 GMT" skipped="0">
  <testcase classname="cucumber.TestNGTestRunner" name="runScenario" time="14.791"/>
</testsuite> <!-- cucumber.TestNGTestRunner -->
