<?xml version="1.0" encoding="UTF-8"?>
<!-- Generated by org.testng.reporters.JUnitReportReporter -->
<testsuite hostname="LAPTOP-7DJ18U3D" failures="0" tests="3" name="HCL_TECH.SeleniumFrameworkDesign.Standalone" time="61.897" errors="0" timestamp="11 Jun 2023 10:16:31 GMT" skipped="0">
  <testcase classname="HCL_TECH.SeleniumFrameworkDesign.Standalone" name="SubmitOrder" time="21.383"/>
  <testcase classname="HCL_TECH.SeleniumFrameworkDesign.Standalone" name="SubmitOrder" time="25.720"/>
  <testcase classname="HCL_TECH.SeleniumFrameworkDesign.Standalone" name="orderHistory" time="14.794"/>
</testsuite> <!-- HCL_TECH.SeleniumFrameworkDesign.Standalone -->
