<?xml version="1.0" encoding="UTF-8"?>
<!-- Generated by org.testng.reporters.JUnitReportReporter -->
<testsuite hostname="LAPTOP-7DJ18U3D" failures="0" tests="2" name="HCL_TECH.SeleniumFrameworkDesign.ErrorValidation" time="28.668" errors="0" timestamp="11 Jun 2023 10:16:31 GMT" skipped="0">
  <testcase classname="HCL_TECH.SeleniumFrameworkDesign.ErrorValidation" name="productError" time="14.780"/>
  <testcase classname="HCL_TECH.SeleniumFrameworkDesign.ErrorValidation" name="LoginError" time="13.888"/>
</testsuite> <!-- HCL_TECH.SeleniumFrameworkDesign.ErrorValidation -->
