<?xml version="1.0" encoding="UTF-8"?>
<!-- Generated by org.testng.reporters.JUnitReportReporter -->
<testsuite hostname="LAPTOP-7DJ18U3D" failures="0" tests="2" name="HCL_TECH.SeleniumFrameworkDesign.ErrorValidation" time="9.742" errors="0" timestamp="12 Jun 2023 10:40:54 GMT" skipped="0">
  <testcase classname="HCL_TECH.SeleniumFrameworkDesign.ErrorValidation" name="LoginError" time="2.624"/>
  <testcase classname="HCL_TECH.SeleniumFrameworkDesign.ErrorValidation" name="productError" time="7.118"/>
</testsuite> <!-- HCL_TECH.SeleniumFrameworkDesign.ErrorValidation -->
