<?xml version="1.0" encoding="UTF-8"?>
<!-- Generated by org.testng.reporters.JUnitReportReporter -->
<testsuite hostname="LAPTOP-7DJ18U3D" failures="0" tests="2" name="HCL_TECH.SeleniumFrameworkDesign.ErrorValidation" time="18.251" errors="0" timestamp="13 Jun 2023 10:47:52 GMT" skipped="0">
  <testcase classname="HCL_TECH.SeleniumFrameworkDesign.ErrorValidation" name="productError" time="10.481"/>
  <testcase classname="HCL_TECH.SeleniumFrameworkDesign.ErrorValidation" name="LoginError" time="7.770"/>
</testsuite> <!-- HCL_TECH.SeleniumFrameworkDesign.ErrorValidation -->
