<?xml version="1.0" encoding="UTF-8"?>
<!-- Generated by org.testng.reporters.JUnitReportReporter -->
<testsuite hostname="LAPTOP-7DJ18U3D" failures="0" tests="3" name="HCL_TECH.SeleniumFrameworkDesign.Standalone" time="59.665" errors="0" timestamp="12 Jun 2023 06:34:48 GMT" skipped="0">
  <testcase classname="HCL_TECH.SeleniumFrameworkDesign.Standalone" name="orderHistory" time="12.961"/>
  <testcase classname="HCL_TECH.SeleniumFrameworkDesign.Standalone" name="SubmitOrder" time="20.625"/>
  <testcase classname="HCL_TECH.SeleniumFrameworkDesign.Standalone" name="SubmitOrder" time="26.079"/>
</testsuite> <!-- HCL_TECH.SeleniumFrameworkDesign.Standalone -->
