<?xml version="1.0" encoding="UTF-8"?>
<!-- Generated by org.testng.reporters.JUnitReportReporter -->
<testsuite hostname="LAPTOP-7DJ18U3D" failures="0" tests="3" name="HCL_TECH.SeleniumFrameworkDesign.Standalone" time="33.898" errors="0" timestamp="13 Jun 2023 10:47:52 GMT" skipped="0">
  <testcase classname="HCL_TECH.SeleniumFrameworkDesign.Standalone" name="SubmitOrder" time="12.523"/>
  <testcase classname="HCL_TECH.SeleniumFrameworkDesign.Standalone" name="SubmitOrder" time="12.449"/>
  <testcase classname="HCL_TECH.SeleniumFrameworkDesign.Standalone" name="orderHistory" time="8.926"/>
</testsuite> <!-- HCL_TECH.SeleniumFrameworkDesign.Standalone -->
