<?xml version="1.0" encoding="UTF-8"?>
<!-- Generated by org.testng.reporters.JUnitReportReporter -->
<testsuite hostname="LAPTOP-7DJ18U3D" failures="0" tests="1" name="cucumber.TestNGTestRunner" time="16.610" errors="0" timestamp="13 Jun 2023 11:20:25 GMT" skipped="0">
  <testcase classname="cucumber.TestNGTestRunner" name="runScenario" time="16.610"/>
</testsuite> <!-- cucumber.TestNGTestRunner -->
