<?xml version="1.0" encoding="UTF-8"?>
<!-- Generated by org.testng.reporters.JUnitReportReporter -->
<testsuite hostname="LAPTOP-7DJ18U3D" failures="0" tests="3" name="HCL_TECH.SeleniumFrameworkDesign.Standalone" time="24.393" errors="0" timestamp="12 Jun 2023 10:25:45 GMT" skipped="0">
  <testcase classname="HCL_TECH.SeleniumFrameworkDesign.Standalone" name="orderHistory" time="7.559"/>
  <testcase classname="HCL_TECH.SeleniumFrameworkDesign.Standalone" name="SubmitOrder" time="8.410"/>
  <testcase classname="HCL_TECH.SeleniumFrameworkDesign.Standalone" name="SubmitOrder" time="8.424"/>
</testsuite> <!-- HCL_TECH.SeleniumFrameworkDesign.Standalone -->
